Arguments: 
  /usr/local/bin/node /usr/local/Cellar/yarn/1.16.0/libexec/bin/yarn.js

PATH: 
  /Users/songyongqiang/opt/anaconda3/condabin:/Users/songyongqiang/bin:/usr/local/bin:/Users/songyongqiang/.composer/vendor/bin:/Library/Frameworks/Python.framework/Versions/3.7/bin:/usr/local/bin:/usr/bin:/bin:/usr/sbin:/sbin:/Applications/VMware Fusion.app/Contents/Public

Yarn version: 
  1.16.0

Node version: 
  10.15.3

Platform: 
  darwin x64

Trace: 
  Error: EACCES: permission denied, mkdir '/Users/songyongqiang/Trillo/node_modules/ajv'

npm manifest: 
  {
    "name": "natours",
    "version": "1.0.0",
    "description": "nothing to say",
    "main": "index.js",
    "scripts": {
      "watch:sass": "node-sass sass/main.scss css/style.css -w",
      "devserver": "live-server",
      "start": "npm-run-all --parallel watch:sass devserver",
      
      "compile:sass": "node-sass sass/main.scss css/style.comp.css",
      "prefix:css": "postcss --use autoprefixer -b 'last 10 versions' css/style.comp.css -o css/style.prefix.css",
      "compress:css": "node-sass css/style.prefix.css css/style.css --output-style compressed",
      "build:css": "npm-run-all compile:sass prefix:css compress:css"
    },
    "repository": {
      "type": "git",
      "url": "git+https://github.com/basakest/Natours.git"
    },
    "author": "basakest",
    "license": "ISC",
    "bugs": {
      "url": "https://github.com/basakest/Natours/issues"
    },
    "homepage": "https://github.com/basakest/Natours#readme",
    "devDependencies": {
      "autoprefixer": "^9.7.4",
      "concat": "^1.0.3",
      "live-server": "^1.2.1",
      "node-sass": "^4.13.1",
      "postcss-cli": "^7.1.0"
    },
    "dependencies": {
      "npm-run-all": "^4.1.5" 
    }
  }

yarn manifest: 
  No manifest

Lockfile: 
  No lockfile
